<?xml version="1.0" encoding="UTF-8"?>
<!-- Generated by org.testng.reporters.JUnitReportReporter -->
<testsuite hostname="DESKTOP-493EAAE" failures="0" tests="2" name="test.Testingbaba_links_test" time="0.000" errors="0" timestamp="2022-03-08T21:28:22 IST" skipped="2">
  <testcase classname="test.Testingbaba_links_test" name="elements" time="0.000">
    <skipped/>
  </testcase> <!-- elements -->
  <system-out/>
  <testcase classname="test.Testingbaba_links_test" name="links" time="0.000">
    <skipped/>
  </testcase> <!-- links -->
  <system-out/>
</testsuite> <!-- test.Testingbaba_links_test -->
