<?xml version="1.0" encoding="UTF-8"?>
<!-- Generated by org.testng.reporters.JUnitReportReporter -->
<testsuite hostname="DESKTOP-493EAAE" failures="0" tests="2" name="test.Testingbaba_mousehover_test" time="0.000" errors="0" timestamp="2022-03-08T21:28:22 IST" skipped="2">
  <testcase classname="test.Testingbaba_mousehover_test" name="click" time="0.000">
    <skipped/>
  </testcase> <!-- click -->
  <system-out/>
  <testcase classname="test.Testingbaba_mousehover_test" name="mouse" time="0.000">
    <skipped/>
  </testcase> <!-- mouse -->
  <system-out/>
</testsuite> <!-- test.Testingbaba_mousehover_test -->
