<?xml version="1.0" encoding="UTF-8"?>
<!-- Generated by org.testng.reporters.JUnitReportReporter -->
<testsuite hostname="DESKTOP-493EAAE" failures="0" tests="2" name="test.Flipkart_buy_test" time="0.000" errors="0" timestamp="2022-03-08T21:28:22 IST" skipped="2">
  <testcase classname="test.Flipkart_buy_test" name="profilechange" time="0.000">
    <skipped/>
  </testcase> <!-- profilechange -->
  <system-out/>
  <testcase classname="test.Flipkart_buy_test" name="flipkart" time="0.000">
    <skipped/>
  </testcase> <!-- flipkart -->
  <system-out/>
</testsuite> <!-- test.Flipkart_buy_test -->
