<?xml version="1.0" encoding="UTF-8"?>
<!-- Generated by org.testng.reporters.JUnitReportReporter -->
<testsuite hostname="DESKTOP-493EAAE" failures="0" tests="4" name="test.Testingbaba_textbox_test" time="0.907" errors="0" timestamp="2022-03-04T19:56:04 IST" skipped="0">
  <testcase classname="test.Testingbaba_textbox_test" name="gettitle" time="0.016"/>
  <system-out/>
  <testcase classname="test.Testingbaba_textbox_test" name="clickonelements" time="0.112"/>
  <system-out/>
  <testcase classname="test.Testingbaba_textbox_test" name="filldetails" time="0.594"/>
  <system-out/>
  <testcase classname="test.Testingbaba_textbox_test" name="getverify" time="0.185"/>
  <system-out/>
</testsuite> <!-- test.Testingbaba_textbox_test -->
