<?xml version="1.0" encoding="UTF-8"?>
<!-- Generated by org.testng.reporters.JUnitReportReporter -->
<testsuite hostname="DESKTOP-493EAAE" failures="0" tests="1" name="test.Flipkart_buyproduct_test" time="2.804" errors="0" timestamp="2022-03-13T11:41:03 IST" skipped="0">
  <testcase classname="test.Flipkart_buyproduct_test" name="FlipkartLoginInvalidCred_Test01" time="2.804"/>
  <system-out>
    <![CDATA[Testcase FlipkartLoginInvalidCred_Test01 started successfully
Testcase FlipkartLoginInvalidCred_Test01 passed successfully]]>
  </system-out>
</testsuite> <!-- test.Flipkart_buyproduct_test -->
