<?xml version="1.0" encoding="UTF-8"?>
<!-- Generated by org.testng.reporters.JUnitReportReporter -->
<testsuite hostname="DESKTOP-493EAAE" failures="0" tests="2" name="test.Flipkart_buy_test" time="23.701" errors="0" timestamp="2022-03-18T13:11:04 IST" skipped="0">
  <testcase classname="test.Flipkart_buy_test" name="FlipkartProfileChange_Test02" time="21.241"/>
  <system-out/>
  <testcase classname="test.Flipkart_buy_test" name="FlipkartLogin_Test01" time="2.460"/>
  <system-out/>
</testsuite> <!-- test.Flipkart_buy_test -->
