<?xml version="1.0" encoding="UTF-8"?>
<!-- Generated by org.testng.reporters.JUnitReportReporter -->
<testsuite hostname="DESKTOP-493EAAE" failures="0" tests="2" name="test.Flipkart_buy_test" time="22.517" errors="0" timestamp="2022-03-06T16:38:03 IST" skipped="0">
  <testcase classname="test.Flipkart_buy_test" name="profilechange" time="20.146"/>
  <system-out/>
  <testcase classname="test.Flipkart_buy_test" name="flipkart" time="2.371"/>
  <system-out/>
</testsuite> <!-- test.Flipkart_buy_test -->
