<?xml version="1.0" encoding="UTF-8"?>
<!-- Generated by org.testng.reporters.JUnitReportReporter -->
<testsuite hostname="DESKTOP-493EAAE" failures="0" tests="2" name="test.Makemytrip_launch_test" time="19.271" errors="0" timestamp="2022-03-13T18:09:53 IST" skipped="0">
  <testcase classname="test.Makemytrip_launch_test" name="MakemyTripSendValidNumber_Test01" time="9.481"/>
  <system-out>
    <![CDATA[adding these steps]]>
  </system-out>
  <testcase classname="test.Makemytrip_launch_test" name="MakemyTripSendINValidNumber_Test02" time="9.790"/>
  <system-out>
    <![CDATA[adding these steps]]>
  </system-out>
</testsuite> <!-- test.Makemytrip_launch_test -->
