<?xml version="1.0" encoding="UTF-8"?>
<!-- Generated by org.testng.reporters.JUnitReportReporter -->
<testsuite hostname="DESKTOP-493EAAE" failures="0" tests="2" name="test.Flipkart_buy_test" time="21.860" errors="0" timestamp="2022-03-12T10:31:56 IST" skipped="0">
  <testcase classname="test.Flipkart_buy_test" name="flipkart" time="2.443"/>
  <system-out/>
  <testcase classname="test.Flipkart_buy_test" name="profilechange" time="19.417"/>
  <system-out/>
</testsuite> <!-- test.Flipkart_buy_test -->
