<?xml version="1.0" encoding="UTF-8"?>
<!-- Generated by org.testng.reporters.JUnitReportReporter -->
<testsuite hostname="DESKTOP-493EAAE" failures="0" tests="1" name="test.Makemytrip_launch_test" time="5.036" errors="0" timestamp="2022-03-11T20:06:59 IST" skipped="0">
  <testcase classname="test.Makemytrip_launch_test" name="login" time="5.036"/>
  <system-out>
    <![CDATA[adding these steps]]>
  </system-out>
</testsuite> <!-- test.Makemytrip_launch_test -->
