<?xml version="1.0" encoding="UTF-8"?>
<!-- Generated by org.testng.reporters.JUnitReportReporter -->
<testsuite hostname="DESKTOP-493EAAE" failures="0" tests="3" name="test.Testingbaba_checkbox_test" time="0.000" errors="0" timestamp="2022-03-08T21:28:22 IST" skipped="3">
  <testcase classname="test.Testingbaba_checkbox_test" name="elements" time="0.000">
    <skipped/>
  </testcase> <!-- elements -->
  <system-out/>
  <testcase classname="test.Testingbaba_checkbox_test" name="checkbox" time="0.000">
    <skipped/>
  </testcase> <!-- checkbox -->
  <system-out/>
  <testcase classname="test.Testingbaba_checkbox_test" name="mobilecheckbox" time="0.000">
    <skipped/>
  </testcase> <!-- mobilecheckbox -->
  <system-out/>
</testsuite> <!-- test.Testingbaba_checkbox_test -->
