<?xml version="1.0" encoding="UTF-8"?>
<!-- Generated by org.testng.reporters.JUnitReportReporter -->
<testsuite hostname="DESKTOP-493EAAE" failures="0" tests="3" name="test.Testingbaba_autocomplete_test" time="3.368" errors="0" timestamp="2022-03-13T11:41:03 IST" skipped="0">
  <testcase classname="test.Testingbaba_autocomplete_test" name="AutocompleteTestingBaba_test01" time="0.044"/>
  <system-out>
    <![CDATA[Testcase AutocompleteTestingBaba_test01 started successfully
Testcase AutocompleteTestingBaba_test01 passed successfully]]>
  </system-out>
  <testcase classname="test.Testingbaba_autocomplete_test" name="AutocompleteTestingBaba_test02" time="1.056"/>
  <system-out>
    <![CDATA[Testcase AutocompleteTestingBaba_test02 started successfully
Testcase AutocompleteTestingBaba_test02 passed successfully]]>
  </system-out>
  <testcase classname="test.Testingbaba_autocomplete_test" name="AutocompleteTestingBaba_test03" time="2.268"/>
  <system-out>
    <![CDATA[Testcase AutocompleteTestingBaba_test03 started successfully
Testcase AutocompleteTestingBaba_test03 passed successfully]]>
  </system-out>
</testsuite> <!-- test.Testingbaba_autocomplete_test -->
