<?xml version="1.0" encoding="UTF-8"?>
<!-- Generated by org.testng.reporters.JUnitReportReporter -->
<testsuite hostname="DESKTOP-493EAAE" failures="0" tests="1" name="test.Makemytrip_launch_test" time="5.286" errors="0" timestamp="2022-03-13T11:41:03 IST" skipped="0">
  <testcase classname="test.Makemytrip_launch_test" name="MakemyTripLogin_Test01" time="5.286"/>
  <system-out>
    <![CDATA[Testcase MakemyTripLogin_Test01 started successfully
adding these steps
Testcase MakemyTripLogin_Test01 passed successfully]]>
  </system-out>
</testsuite> <!-- test.Makemytrip_launch_test -->
