<?xml version="1.0" encoding="UTF-8"?>
<!-- Generated by org.testng.reporters.JUnitReportReporter -->
<testsuite hostname="DESKTOP-493EAAE" failures="0" tests="1" name="test.Testingbaba_radio_test" time="0.000" errors="0" timestamp="2022-03-08T21:28:22 IST" skipped="1">
  <testcase classname="test.Testingbaba_radio_test" name="getradio" time="0.000">
    <skipped/>
  </testcase> <!-- getradio -->
  <system-out/>
</testsuite> <!-- test.Testingbaba_radio_test -->
