<?xml version="1.0" encoding="UTF-8"?>
<!-- Generated by org.testng.reporters.JUnitReportReporter -->
<testsuite hostname="DESKTOP-493EAAE" failures="0" tests="1" name="test.Testingbaba_radio_test" time="2.431" errors="0" timestamp="2022-03-04T19:56:04 IST" skipped="0">
  <testcase classname="test.Testingbaba_radio_test" name="getradio" time="2.431"/>
  <system-out/>
</testsuite> <!-- test.Testingbaba_radio_test -->
