<?xml version="1.0" encoding="UTF-8"?>
<!-- Generated by org.testng.reporters.JUnitReportReporter -->
<testsuite hostname="DESKTOP-493EAAE" failures="0" tests="1" name="test.Flipkart_buyproduct_test" time="3.379" errors="0" timestamp="2022-03-11T20:06:59 IST" skipped="0">
  <testcase classname="test.Flipkart_buyproduct_test" name="flipkart2" time="3.379"/>
  <system-out/>
</testsuite> <!-- test.Flipkart_buyproduct_test -->
