<?xml version="1.0" encoding="UTF-8"?>
<!-- Generated by org.testng.reporters.JUnitReportReporter -->
<testsuite hostname="DESKTOP-493EAAE" failures="0" tests="1" name="test.Testingbaba_webtables_test" time="2.195" errors="0" timestamp="2022-03-18T12:17:05 IST" skipped="0">
  <testcase classname="test.Testingbaba_webtables_test" name="WebTablesTestingBaba_test01" time="2.195"/>
  <system-out>
    <![CDATA[Testcase WebTablesTestingBaba_test01 started successfully
Testcase WebTablesTestingBaba_test01 passed successfully]]>
  </system-out>
</testsuite> <!-- test.Testingbaba_webtables_test -->
