<?xml version="1.0" encoding="UTF-8"?>
<!-- Generated by org.testng.reporters.JUnitReportReporter -->
<testsuite hostname="DESKTOP-493EAAE" failures="0" tests="1" name="test.Flipkart_buyproduct_test" time="2.873" errors="0" timestamp="2022-03-09T19:17:21 IST" skipped="0">
  <testcase classname="test.Flipkart_buyproduct_test" name="flipkart2" time="2.873"/>
  <system-out/>
</testsuite> <!-- test.Flipkart_buyproduct_test -->
