<?xml version="1.0" encoding="UTF-8"?>
<!-- Generated by org.testng.reporters.JUnitReportReporter -->
<testsuite hostname="DESKTOP-493EAAE" failures="0" tests="4" name="test.Testingbaba_textbox_test" time="0.000" errors="0" timestamp="2022-03-08T21:28:22 IST" skipped="4">
  <testcase classname="test.Testingbaba_textbox_test" name="gettitle" time="0.000">
    <skipped/>
  </testcase> <!-- gettitle -->
  <system-out/>
  <testcase classname="test.Testingbaba_textbox_test" name="clickonelements" time="0.000">
    <skipped/>
  </testcase> <!-- clickonelements -->
  <system-out/>
  <testcase classname="test.Testingbaba_textbox_test" name="filldetails" time="0.000">
    <skipped/>
  </testcase> <!-- filldetails -->
  <system-out/>
  <testcase classname="test.Testingbaba_textbox_test" name="getverify" time="0.000">
    <skipped/>
  </testcase> <!-- getverify -->
  <system-out/>
</testsuite> <!-- test.Testingbaba_textbox_test -->
