<?xml version="1.0" encoding="UTF-8"?>
<!-- Generated by org.testng.reporters.JUnitReportReporter -->
<testsuite hostname="DESKTOP-493EAAE" failures="0" tests="3" name="test.Testingbaba_checkbox_test" time="1.708" errors="0" timestamp="2022-03-04T19:56:04 IST" skipped="0">
  <testcase classname="test.Testingbaba_checkbox_test" name="elements" time="0.117"/>
  <system-out/>
  <testcase classname="test.Testingbaba_checkbox_test" name="checkbox" time="0.136"/>
  <system-out/>
  <testcase classname="test.Testingbaba_checkbox_test" name="mobilecheckbox" time="1.455"/>
  <system-out/>
</testsuite> <!-- test.Testingbaba_checkbox_test -->
