<?xml version="1.0" encoding="UTF-8"?>
<!-- Generated by org.testng.reporters.JUnitReportReporter -->
<testsuite hostname="DESKTOP-493EAAE" failures="0" tests="3" name="test.Testingbaba_buttons_test" time="0.000" errors="0" timestamp="2022-03-08T21:28:22 IST" skipped="3">
  <testcase classname="test.Testingbaba_buttons_test" name="getelement" time="0.000">
    <skipped/>
  </testcase> <!-- getelement -->
  <system-out/>
  <testcase classname="test.Testingbaba_buttons_test" name="getbuttn" time="0.000">
    <skipped/>
  </testcase> <!-- getbuttn -->
  <system-out/>
  <testcase classname="test.Testingbaba_buttons_test" name="doble" time="0.000">
    <skipped/>
  </testcase> <!-- doble -->
  <system-out/>
</testsuite> <!-- test.Testingbaba_buttons_test -->
