<?xml version="1.0" encoding="UTF-8"?>
<!-- Generated by org.testng.reporters.JUnitReportReporter -->
<testsuite hostname="DESKTOP-493EAAE" failures="0" tests="3" name="test.Testingbaba_autocomplete_test" time="0.000" errors="0" timestamp="2022-03-08T21:28:22 IST" skipped="3">
  <testcase classname="test.Testingbaba_autocomplete_test" name="getweb" time="0.000">
    <skipped/>
  </testcase> <!-- getweb -->
  <system-out/>
  <testcase classname="test.Testingbaba_autocomplete_test" name="completeclick" time="0.000">
    <skipped/>
  </testcase> <!-- completeclick -->
  <system-out/>
  <testcase classname="test.Testingbaba_autocomplete_test" name="filldetails" time="0.000">
    <skipped/>
  </testcase> <!-- filldetails -->
  <system-out/>
</testsuite> <!-- test.Testingbaba_autocomplete_test -->
