<?xml version="1.0" encoding="UTF-8"?>
<!-- Generated by org.testng.reporters.JUnitReportReporter -->
<testsuite hostname="DESKTOP-493EAAE" failures="0" tests="3" name="test.Testingbaba_checkbox_test" time="1.622" errors="0" timestamp="2022-03-05T15:57:54 IST" skipped="0">
  <testcase classname="test.Testingbaba_checkbox_test" name="elements" time="0.111"/>
  <system-out/>
  <testcase classname="test.Testingbaba_checkbox_test" name="checkbox" time="0.129"/>
  <system-out/>
  <testcase classname="test.Testingbaba_checkbox_test" name="mobilecheckbox" time="1.382"/>
  <system-out/>
</testsuite> <!-- test.Testingbaba_checkbox_test -->
