<?xml version="1.0" encoding="UTF-8"?>
<!-- Generated by org.testng.reporters.JUnitReportReporter -->
<testsuite hostname="DESKTOP-493EAAE" failures="0" tests="5" name="test.TestingbabaAlerts_Frame_test" time="0.000" errors="0" timestamp="2022-03-08T21:28:22 IST" skipped="5">
  <testcase classname="test.TestingbabaAlerts_Frame_test" name="getalerts" time="0.000">
    <skipped/>
  </testcase> <!-- getalerts -->
  <system-out/>
  <testcase classname="test.TestingbabaAlerts_Frame_test" name="getclick" time="0.000">
    <skipped/>
  </testcase> <!-- getclick -->
  <system-out/>
  <testcase classname="test.TestingbabaAlerts_Frame_test" name="getclick2" time="0.000">
    <skipped/>
  </testcase> <!-- getclick2 -->
  <system-out/>
  <testcase classname="test.TestingbabaAlerts_Frame_test" name="getclick3" time="0.000">
    <skipped/>
  </testcase> <!-- getclick3 -->
  <system-out/>
  <testcase classname="test.TestingbabaAlerts_Frame_test" name="getclick4" time="0.000">
    <skipped/>
  </testcase> <!-- getclick4 -->
  <system-out/>
</testsuite> <!-- test.TestingbabaAlerts_Frame_test -->
