<?xml version="1.0" encoding="UTF-8"?>
<!-- Generated by org.testng.reporters.JUnitReportReporter -->
<testsuite hostname="DESKTOP-493EAAE" failures="0" tests="2" name="test.Testingbaba_upload_test" time="0.000" errors="0" timestamp="2022-03-05T12:10:39 IST" skipped="2">
  <testcase classname="test.Testingbaba_upload_test" name="getweb" time="0.000">
    <skipped/>
  </testcase> <!-- getweb -->
  <system-out/>
  <testcase classname="test.Testingbaba_upload_test" name="uploadfile" time="0.000">
    <skipped/>
  </testcase> <!-- uploadfile -->
  <system-out/>
</testsuite> <!-- test.Testingbaba_upload_test -->
