<?xml version="1.0" encoding="UTF-8"?>
<!-- Generated by org.testng.reporters.JUnitReportReporter -->
<testsuite hostname="DESKTOP-493EAAE" failures="0" tests="2" name="test.Testingbaba_links_test" time="2.309" errors="0" timestamp="2022-03-04T19:56:04 IST" skipped="0">
  <testcase classname="test.Testingbaba_links_test" name="elements" time="0.100"/>
  <system-out/>
  <testcase classname="test.Testingbaba_links_test" name="links" time="2.209"/>
  <system-out/>
</testsuite> <!-- test.Testingbaba_links_test -->
