<?xml version="1.0" encoding="UTF-8"?>
<!-- Generated by org.testng.reporters.JUnitReportReporter -->
<testsuite hostname="DESKTOP-493EAAE" failures="0" tests="1" name="test.Testingbaba_webtables_test" time="6.481" errors="0" timestamp="2022-03-05T16:25:30 IST" skipped="0">
  <testcase classname="test.Testingbaba_webtables_test" name="getweb1" time="6.481"/>
  <system-out/>
</testsuite> <!-- test.Testingbaba_webtables_test -->
