<?xml version="1.0" encoding="UTF-8"?>
<!-- Generated by org.testng.reporters.JUnitReportReporter -->
<testsuite hostname="DESKTOP-493EAAE" failures="0" tests="4" name="test.Testingbaba_textbox_test" time="0.539" errors="0" timestamp="2022-03-13T10:47:47 IST" skipped="0">
  <testcase classname="test.Testingbaba_textbox_test" name="TextboxTestingBaba_test01" time="0.016"/>
  <system-out/>
  <testcase classname="test.Testingbaba_textbox_test" name="TextboxTestingBaba_test02" time="0.052"/>
  <system-out/>
  <testcase classname="test.Testingbaba_textbox_test" name="TextboxTestingBaba_test03" time="0.374"/>
  <system-out/>
  <testcase classname="test.Testingbaba_textbox_test" name="TextboxTestingBaba_test04" time="0.097"/>
  <system-out/>
</testsuite> <!-- test.Testingbaba_textbox_test -->
