<?xml version="1.0" encoding="UTF-8"?>
<!-- Generated by org.testng.reporters.JUnitReportReporter -->
<testsuite hostname="DESKTOP-493EAAE" failures="0" tests="2" name="test.Testingbaba_links_test" time="2.211" errors="0" timestamp="2022-03-18T14:33:42 IST" skipped="0">
  <testcase classname="test.Testingbaba_links_test" name="LinksTestingBaba_test01" time="0.053"/>
  <system-out>
    <![CDATA[Testcase LinksTestingBaba_test01 started successfully
Testcase LinksTestingBaba_test01 passed successfully]]>
  </system-out>
  <testcase classname="test.Testingbaba_links_test" name="LinksTestingBaba_test02" time="2.158"/>
  <system-out>
    <![CDATA[Testcase LinksTestingBaba_test02 started successfully
Testcase LinksTestingBaba_test02 passed successfully]]>
  </system-out>
</testsuite> <!-- test.Testingbaba_links_test -->
