<?xml version="1.0" encoding="UTF-8"?>
<!-- Generated by org.testng.reporters.JUnitReportReporter -->
<testsuite hostname="DESKTOP-493EAAE" failures="0" tests="1" name="test.Testingbaba_launch_test" time="0.020" errors="0" timestamp="2022-03-06T16:19:32 IST" skipped="0">
  <testcase classname="test.Testingbaba_launch_test" name="gettitle" time="0.020"/>
  <system-out/>
</testsuite> <!-- test.Testingbaba_launch_test -->
