<?xml version="1.0" encoding="UTF-8"?>
<!-- Generated by org.testng.reporters.JUnitReportReporter -->
<testsuite hostname="DESKTOP-493EAAE" failures="0" tests="3" name="test.Testingbaba_buttons_test" time="0.888" errors="0" timestamp="2022-03-13T10:47:47 IST" skipped="0">
  <testcase classname="test.Testingbaba_buttons_test" name="ButtonsTestingBaba_test01" time="0.076"/>
  <system-out/>
  <testcase classname="test.Testingbaba_buttons_test" name="ButtonsTestingBaba_test02" time="0.625"/>
  <system-out/>
  <testcase classname="test.Testingbaba_buttons_test" name="ButtonsTestingBaba_test03" time="0.187"/>
  <system-out/>
</testsuite> <!-- test.Testingbaba_buttons_test -->
