<?xml version="1.0" encoding="UTF-8"?>
<!-- Generated by org.testng.reporters.JUnitReportReporter -->
<testsuite hostname="DESKTOP-493EAAE" failures="0" tests="3" name="test.Testingbaba_checkbox_test" time="1.824" errors="0" timestamp="2022-03-12T10:22:41 IST" skipped="0">
  <testcase classname="test.Testingbaba_checkbox_test" name="elements" time="0.131"/>
  <system-out/>
  <testcase classname="test.Testingbaba_checkbox_test" name="checkbox" time="0.125"/>
  <system-out/>
  <testcase classname="test.Testingbaba_checkbox_test" name="mobilecheckbox" time="1.568"/>
  <system-out/>
</testsuite> <!-- test.Testingbaba_checkbox_test -->
