<?xml version="1.0" encoding="UTF-8"?>
<!-- Generated by org.testng.reporters.JUnitReportReporter -->
<testsuite hostname="DESKTOP-493EAAE" failures="0" tests="2" name="test.Flipkart_buy_test" time="22.082" errors="0" timestamp="2022-03-19T07:14:12 IST" skipped="0">
  <testcase classname="test.Flipkart_buy_test" name="FlipkartLogin_Test01" time="2.277"/>
  <system-out>
    <![CDATA[Testcase FlipkartLogin_Test01 started successfully
Testcase FlipkartLogin_Test01 passed successfully]]>
  </system-out>
  <testcase classname="test.Flipkart_buy_test" name="FlipkartProfileChange_Test02" time="19.805"/>
  <system-out>
    <![CDATA[Testcase FlipkartProfileChange_Test02 started successfully
Testcase FlipkartProfileChange_Test02 passed successfully]]>
  </system-out>
</testsuite> <!-- test.Flipkart_buy_test -->
