<?xml version="1.0" encoding="UTF-8"?>
<!-- Generated by org.testng.reporters.JUnitReportReporter -->
<testsuite hostname="DESKTOP-493EAAE" failures="0" tests="2" name="test.Testingbaba_links_test" time="2.394" errors="0" timestamp="2022-03-05T16:25:30 IST" skipped="0">
  <testcase classname="test.Testingbaba_links_test" name="elements" time="0.138"/>
  <system-out/>
  <testcase classname="test.Testingbaba_links_test" name="links" time="2.256"/>
  <system-out/>
</testsuite> <!-- test.Testingbaba_links_test -->
