<?xml version="1.0" encoding="UTF-8"?>
<!-- Generated by org.testng.reporters.JUnitReportReporter -->
<testsuite hostname="DESKTOP-493EAAE" failures="0" tests="3" name="test.Testingbaba_autocomplete_test" time="3.399" errors="0" timestamp="2022-03-13T10:47:47 IST" skipped="0">
  <testcase classname="test.Testingbaba_autocomplete_test" name="AutocompleteTestingBaba_test01" time="0.059"/>
  <system-out/>
  <testcase classname="test.Testingbaba_autocomplete_test" name="AutocompleteTestingBaba_test02" time="1.061"/>
  <system-out/>
  <testcase classname="test.Testingbaba_autocomplete_test" name="AutocompleteTestingBaba_test03" time="2.279"/>
  <system-out/>
</testsuite> <!-- test.Testingbaba_autocomplete_test -->
