<?xml version="1.0" encoding="UTF-8"?>
<!-- Generated by org.testng.reporters.JUnitReportReporter -->
<testsuite hostname="DESKTOP-493EAAE" failures="0" tests="3" name="test.Testingbaba_autocomplete_test" time="3.601" errors="0" timestamp="2022-03-04T20:17:37 IST" skipped="0">
  <testcase classname="test.Testingbaba_autocomplete_test" name="getweb" time="0.180"/>
  <system-out/>
  <testcase classname="test.Testingbaba_autocomplete_test" name="completeclick" time="1.124"/>
  <system-out/>
  <testcase classname="test.Testingbaba_autocomplete_test" name="filldetails" time="2.297"/>
  <system-out/>
</testsuite> <!-- test.Testingbaba_autocomplete_test -->
