<?xml version="1.0" encoding="UTF-8"?>
<!-- Generated by org.testng.reporters.JUnitReportReporter -->
<testsuite hostname="DESKTOP-493EAAE" failures="0" tests="1" name="test.Testingbaba_radio_test" time="2.081" errors="0" timestamp="2022-03-19T07:14:12 IST" skipped="0">
  <testcase classname="test.Testingbaba_radio_test" name="RadioButtonTestingBaba_test01" time="2.081"/>
  <system-out>
    <![CDATA[Testcase RadioButtonTestingBaba_test01 started successfully
Testcase RadioButtonTestingBaba_test01 passed successfully]]>
  </system-out>
</testsuite> <!-- test.Testingbaba_radio_test -->
