<?xml version="1.0" encoding="UTF-8"?>
<!-- Generated by org.testng.reporters.JUnitReportReporter -->
<testsuite hostname="DESKTOP-493EAAE" failures="0" tests="2" name="test.Makemytrip_launch_test" time="15.567" errors="0" timestamp="2022-03-19T07:14:12 IST" skipped="0">
  <testcase classname="test.Makemytrip_launch_test" name="MakemyTripSendValidNumber_Test01" time="4.900"/>
  <system-out>
    <![CDATA[Testcase MakemyTripSendValidNumber_Test01 started successfully
Testcase MakemyTripSendValidNumber_Test01 passed successfully]]>
  </system-out>
  <testcase classname="test.Makemytrip_launch_test" name="MakemyTripSendINValidNumber_Test02" time="10.667"/>
  <system-out>
    <![CDATA[Testcase MakemyTripSendINValidNumber_Test02 started successfully
Testcase MakemyTripSendINValidNumber_Test02 passed successfully]]>
  </system-out>
</testsuite> <!-- test.Makemytrip_launch_test -->
