<?xml version="1.0" encoding="UTF-8"?>
<!-- Generated by org.testng.reporters.JUnitReportReporter -->
<testsuite hostname="DESKTOP-493EAAE" failures="0" tests="4" name="test.Testingbaba_textbox_test" time="1.513" errors="0" timestamp="2022-03-12T10:22:41 IST" skipped="0">
  <testcase classname="test.Testingbaba_textbox_test" name="gettitle" time="0.032"/>
  <system-out/>
  <testcase classname="test.Testingbaba_textbox_test" name="clickonelements" time="0.148"/>
  <system-out/>
  <testcase classname="test.Testingbaba_textbox_test" name="filldetails" time="1.050"/>
  <system-out/>
  <testcase classname="test.Testingbaba_textbox_test" name="getverify" time="0.283"/>
  <system-out/>
</testsuite> <!-- test.Testingbaba_textbox_test -->
