<?xml version="1.0" encoding="UTF-8"?>
<!-- Generated by org.testng.reporters.JUnitReportReporter -->
<testsuite hostname="DESKTOP-493EAAE" failures="0" tests="1" name="test.Testingbaba_launch_test" time="0.024" errors="0" timestamp="2022-03-13T10:47:47 IST" skipped="0">
  <testcase classname="test.Testingbaba_launch_test" name="LaunchTestingBaba_test01" time="0.024"/>
  <system-out/>
</testsuite> <!-- test.Testingbaba_launch_test -->
