<?xml version="1.0" encoding="UTF-8"?>
<!-- Generated by org.testng.reporters.JUnitReportReporter -->
<testsuite hostname="DESKTOP-493EAAE" failures="0" tests="1" name="test.Testingbaba_webtables_test" time="3.391" errors="0" timestamp="2022-03-13T10:11:30 IST" skipped="0">
  <testcase classname="test.Testingbaba_webtables_test" name="getweb1" time="3.391"/>
  <system-out/>
</testsuite> <!-- test.Testingbaba_webtables_test -->
