<?xml version="1.0" encoding="UTF-8"?>
<!-- Generated by org.testng.reporters.JUnitReportReporter -->
<testsuite hostname="DESKTOP-493EAAE" failures="0" tests="4" name="test.Testingbaba_textbox_test" time="1.154" errors="0" timestamp="2022-03-04T20:17:37 IST" skipped="0">
  <testcase classname="test.Testingbaba_textbox_test" name="gettitle" time="0.050"/>
  <system-out/>
  <testcase classname="test.Testingbaba_textbox_test" name="clickonelements" time="0.063"/>
  <system-out/>
  <testcase classname="test.Testingbaba_textbox_test" name="filldetails" time="0.801"/>
  <system-out/>
  <testcase classname="test.Testingbaba_textbox_test" name="getverify" time="0.240"/>
  <system-out/>
</testsuite> <!-- test.Testingbaba_textbox_test -->
