<?xml version="1.0" encoding="UTF-8"?>
<!-- Generated by org.testng.reporters.JUnitReportReporter -->
<testsuite hostname="DESKTOP-493EAAE" failures="0" tests="2" name="test.Testingbaba_links_test" time="2.201" errors="0" timestamp="2022-03-06T16:19:32 IST" skipped="0">
  <testcase classname="test.Testingbaba_links_test" name="elements" time="0.048"/>
  <system-out/>
  <testcase classname="test.Testingbaba_links_test" name="links" time="2.153"/>
  <system-out/>
</testsuite> <!-- test.Testingbaba_links_test -->
