<?xml version="1.0" encoding="UTF-8"?>
<!-- Generated by org.testng.reporters.JUnitReportReporter -->
<testsuite hostname="DESKTOP-GN8H4QN" failures="0" tests="1" name="flipkart.Flipkart_buyproduct_test" time="2.785" errors="0" timestamp="2022-03-19T18:49:55 IST" skipped="0">
  <testcase classname="flipkart.Flipkart_buyproduct_test" name="FlipkartLoginInvalidCred_Test01" time="2.785"/>
  <system-out>
    <![CDATA[Testcase FlipkartLoginInvalidCred_Test01 started successfully
Testcase FlipkartLoginInvalidCred_Test01 passed successfully]]>
  </system-out>
</testsuite> <!-- flipkart.Flipkart_buyproduct_test -->
