<?xml version="1.0" encoding="UTF-8"?>
<!-- Generated by org.testng.reporters.JUnitReportReporter -->
<testsuite hostname="DESKTOP-493EAAE" failures="0" tests="3" name="test.Testingbaba_checkbox_test" time="1.491" errors="0" timestamp="2022-03-13T10:47:47 IST" skipped="0">
  <testcase classname="test.Testingbaba_checkbox_test" name="CheckboxTestingBaba_test01" time="0.056"/>
  <system-out/>
  <testcase classname="test.Testingbaba_checkbox_test" name="CheckboxTestingBaba_test02" time="0.112"/>
  <system-out/>
  <testcase classname="test.Testingbaba_checkbox_test" name="CheckboxTestingBaba_test03" time="1.323"/>
  <system-out/>
</testsuite> <!-- test.Testingbaba_checkbox_test -->
