<?xml version="1.0" encoding="UTF-8"?>
<!-- Generated by org.testng.reporters.JUnitReportReporter -->
<testsuite hostname="DESKTOP-493EAAE" failures="0" tests="1" name="test.Testingbaba_webtables_test" time="2.444" errors="0" timestamp="2022-03-06T16:19:32 IST" skipped="0">
  <testcase classname="test.Testingbaba_webtables_test" name="getweb1" time="2.444"/>
  <system-out/>
</testsuite> <!-- test.Testingbaba_webtables_test -->
