<?xml version="1.0" encoding="UTF-8"?>
<!-- Generated by org.testng.reporters.JUnitReportReporter -->
<testsuite hostname="DESKTOP-493EAAE" failures="0" tests="3" name="test.Testingbaba_checkbox_test" time="1.506" errors="0" timestamp="2022-03-18T16:12:37 IST" skipped="0">
  <testcase classname="test.Testingbaba_checkbox_test" name="CheckboxTestingBaba_test01" time="0.055"/>
  <system-out>
    <![CDATA[Testcase CheckboxTestingBaba_test01 started successfully
Testcase CheckboxTestingBaba_test01 passed successfully]]>
  </system-out>
  <testcase classname="test.Testingbaba_checkbox_test" name="CheckboxTestingBaba_test02" time="0.129"/>
  <system-out>
    <![CDATA[Testcase CheckboxTestingBaba_test02 started successfully
Testcase CheckboxTestingBaba_test02 passed successfully]]>
  </system-out>
  <testcase classname="test.Testingbaba_checkbox_test" name="CheckboxTestingBaba_test03" time="1.322"/>
  <system-out>
    <![CDATA[Testcase CheckboxTestingBaba_test03 started successfully
Testcase CheckboxTestingBaba_test03 passed successfully]]>
  </system-out>
</testsuite> <!-- test.Testingbaba_checkbox_test -->
