<?xml version="1.0" encoding="UTF-8"?>
<!-- Generated by org.testng.reporters.JUnitReportReporter -->
<testsuite hostname="DESKTOP-GN8H4QN" failures="0" tests="1" name="testingbaba.Testingbaba_dropdown_test" time="1.602" errors="0" timestamp="2022-03-19T18:49:55 IST" skipped="0">
  <testcase classname="testingbaba.Testingbaba_dropdown_test" name="DropdownTestingBaba_test01" time="1.602"/>
  <system-out>
    <![CDATA[Testcase DropdownTestingBaba_test01 started successfully
Testcase DropdownTestingBaba_test01 passed successfully]]>
  </system-out>
</testsuite> <!-- testingbaba.Testingbaba_dropdown_test -->
