<?xml version="1.0" encoding="UTF-8"?>
<!-- Generated by org.testng.reporters.JUnitReportReporter -->
<testsuite hostname="DESKTOP-GN8H4QN" failures="0" tests="3" name="testingbaba.Testingbaba_buttons_test" time="0.940" errors="0" timestamp="2022-03-19T18:49:55 IST" skipped="0">
  <testcase classname="testingbaba.Testingbaba_buttons_test" name="ButtonsTestingBaba_test01" time="0.113"/>
  <system-out>
    <![CDATA[Testcase ButtonsTestingBaba_test01 started successfully
Testcase ButtonsTestingBaba_test01 passed successfully]]>
  </system-out>
  <testcase classname="testingbaba.Testingbaba_buttons_test" name="ButtonsTestingBaba_test02" time="0.632"/>
  <system-out>
    <![CDATA[Testcase ButtonsTestingBaba_test02 started successfully
Testcase ButtonsTestingBaba_test02 passed successfully]]>
  </system-out>
  <testcase classname="testingbaba.Testingbaba_buttons_test" name="ButtonsTestingBaba_test03" time="0.195"/>
  <system-out>
    <![CDATA[Testcase ButtonsTestingBaba_test03 started successfully
Testcase ButtonsTestingBaba_test03 passed successfully]]>
  </system-out>
</testsuite> <!-- testingbaba.Testingbaba_buttons_test -->
