<?xml version="1.0" encoding="UTF-8"?>
<!-- Generated by org.testng.reporters.JUnitReportReporter -->
<testsuite hostname="DESKTOP-493EAAE" failures="0" tests="2" name="test.Testingbaba_links_test" time="2.252" errors="0" timestamp="2022-03-13T10:47:47 IST" skipped="0">
  <testcase classname="test.Testingbaba_links_test" name="LinksTestingBaba_test01" time="0.069"/>
  <system-out/>
  <testcase classname="test.Testingbaba_links_test" name="LinksTestingBaba_test02" time="2.183"/>
  <system-out/>
</testsuite> <!-- test.Testingbaba_links_test -->
