<?xml version="1.0" encoding="UTF-8"?>
<!-- Generated by org.testng.reporters.JUnitReportReporter -->
<testsuite hostname="DESKTOP-493EAAE" failures="0" tests="3" name="test.Testingbaba_buttons_test" time="0.838" errors="0" timestamp="2022-03-18T15:27:43 IST" skipped="0">
  <testcase classname="test.Testingbaba_buttons_test" name="ButtonsTestingBaba_test01" time="0.073"/>
  <system-out>
    <![CDATA[Testcase ButtonsTestingBaba_test01 started successfully
Testcase ButtonsTestingBaba_test01 passed successfully]]>
  </system-out>
  <testcase classname="test.Testingbaba_buttons_test" name="ButtonsTestingBaba_test02" time="0.603"/>
  <system-out>
    <![CDATA[Testcase ButtonsTestingBaba_test02 started successfully
Testcase ButtonsTestingBaba_test02 passed successfully]]>
  </system-out>
  <testcase classname="test.Testingbaba_buttons_test" name="ButtonsTestingBaba_test03" time="0.162"/>
  <system-out>
    <![CDATA[Testcase ButtonsTestingBaba_test03 started successfully
Testcase ButtonsTestingBaba_test03 passed successfully]]>
  </system-out>
</testsuite> <!-- test.Testingbaba_buttons_test -->
