<?xml version="1.0" encoding="UTF-8"?>
<!-- Generated by org.testng.reporters.JUnitReportReporter -->
<testsuite hostname="DESKTOP-493EAAE" failures="0" tests="3" name="test.Testingbaba_buttons_test" time="0.892" errors="0" timestamp="2022-03-18T16:12:37 IST" skipped="0">
  <testcase classname="test.Testingbaba_buttons_test" name="ButtonsTestingBaba_test01" time="0.081"/>
  <system-out>
    <![CDATA[Testcase ButtonsTestingBaba_test01 started successfully
Testcase ButtonsTestingBaba_test01 passed successfully]]>
  </system-out>
  <testcase classname="test.Testingbaba_buttons_test" name="ButtonsTestingBaba_test02" time="0.628"/>
  <system-out>
    <![CDATA[Testcase ButtonsTestingBaba_test02 started successfully
Testcase ButtonsTestingBaba_test02 passed successfully]]>
  </system-out>
  <testcase classname="test.Testingbaba_buttons_test" name="ButtonsTestingBaba_test03" time="0.183"/>
  <system-out>
    <![CDATA[Testcase ButtonsTestingBaba_test03 started successfully
Testcase ButtonsTestingBaba_test03 passed successfully]]>
  </system-out>
</testsuite> <!-- test.Testingbaba_buttons_test -->
