<?xml version="1.0" encoding="UTF-8"?>
<!-- Generated by org.testng.reporters.JUnitReportReporter -->
<testsuite hostname="DESKTOP-493EAAE" failures="0" tests="1" name="test.Testingbaba_dropdown_test" time="2.250" errors="0" timestamp="2022-03-09T19:10:42 IST" skipped="0">
  <testcase classname="test.Testingbaba_dropdown_test" name="getdropdown" time="2.250"/>
  <system-out/>
</testsuite> <!-- test.Testingbaba_dropdown_test -->
