<?xml version="1.0" encoding="UTF-8"?>
<!-- Generated by org.testng.reporters.JUnitReportReporter -->
<testsuite hostname="DESKTOP-493EAAE" failures="0" tests="3" name="test.Testingbaba_autocomplete_test" time="3.595" errors="0" timestamp="2022-03-09T19:10:42 IST" skipped="0">
  <testcase classname="test.Testingbaba_autocomplete_test" name="getweb" time="0.115"/>
  <system-out/>
  <testcase classname="test.Testingbaba_autocomplete_test" name="completeclick" time="1.113"/>
  <system-out/>
  <testcase classname="test.Testingbaba_autocomplete_test" name="filldetails" time="2.367"/>
  <system-out/>
</testsuite> <!-- test.Testingbaba_autocomplete_test -->
