<?xml version="1.0" encoding="UTF-8"?>
<!-- Generated by org.testng.reporters.JUnitReportReporter -->
<testsuite hostname="DESKTOP-493EAAE" failures="0" tests="1" name="test.Testingbaba_dropdown_test" time="1.815" errors="0" timestamp="2022-03-06T16:19:32 IST" skipped="0">
  <testcase classname="test.Testingbaba_dropdown_test" name="getdropdown" time="1.815"/>
  <system-out/>
</testsuite> <!-- test.Testingbaba_dropdown_test -->
