<?xml version="1.0" encoding="UTF-8"?>
<!-- Generated by org.testng.reporters.JUnitReportReporter -->
<testsuite hostname="DESKTOP-493EAAE" failures="0" tests="3" name="test.Testingbaba_buttons_test" time="0.864" errors="0" timestamp="2022-03-06T16:19:32 IST" skipped="0">
  <testcase classname="test.Testingbaba_buttons_test" name="getelement" time="0.070"/>
  <system-out/>
  <testcase classname="test.Testingbaba_buttons_test" name="getbuttn" time="0.630"/>
  <system-out/>
  <testcase classname="test.Testingbaba_buttons_test" name="doble" time="0.164"/>
  <system-out/>
</testsuite> <!-- test.Testingbaba_buttons_test -->
