<?xml version="1.0" encoding="UTF-8"?>
<!-- Generated by org.testng.reporters.JUnitReportReporter -->
<testsuite hostname="DESKTOP-GN8H4QN" failures="0" tests="4" name="testingbaba.Testingbaba_textbox_test" time="0.940" errors="0" timestamp="2022-03-19T18:49:55 IST" skipped="0">
  <testcase classname="testingbaba.Testingbaba_textbox_test" name="TextboxTestingBaba_test01" time="0.014"/>
  <system-out>
    <![CDATA[Testcase TextboxTestingBaba_test01 started successfully
inside test01
Testcase TextboxTestingBaba_test01 passed successfully]]>
  </system-out>
  <testcase classname="testingbaba.Testingbaba_textbox_test" name="TextboxTestingBaba_test02" time="0.063"/>
  <system-out>
    <![CDATA[Testcase TextboxTestingBaba_test02 started successfully
inside test01
Testcase TextboxTestingBaba_test02 passed successfully]]>
  </system-out>
  <testcase classname="testingbaba.Testingbaba_textbox_test" name="TextboxTestingBaba_test03" time="0.740"/>
  <system-out>
    <![CDATA[Testcase TextboxTestingBaba_test03 started successfully
inside test01
Testcase TextboxTestingBaba_test03 passed successfully]]>
  </system-out>
  <testcase classname="testingbaba.Testingbaba_textbox_test" name="TextboxTestingBaba_test04" time="0.123"/>
  <system-out>
    <![CDATA[Testcase TextboxTestingBaba_test04 started successfully
inside test01
Testcase TextboxTestingBaba_test04 passed successfully]]>
  </system-out>
</testsuite> <!-- testingbaba.Testingbaba_textbox_test -->
