<?xml version="1.0" encoding="UTF-8"?>
<!-- Generated by org.testng.reporters.JUnitReportReporter -->
<testsuite hostname="DESKTOP-GN8H4QN" failures="0" tests="1" name="testingbaba.Testingbaba_launch_test" time="0.015" errors="0" timestamp="2022-03-19T18:49:55 IST" skipped="0">
  <testcase classname="testingbaba.Testingbaba_launch_test" name="LaunchTestingBaba_test01" time="0.015"/>
  <system-out>
    <![CDATA[Testcase LaunchTestingBaba_test01 started successfully
Testcase LaunchTestingBaba_test01 passed successfully]]>
  </system-out>
</testsuite> <!-- testingbaba.Testingbaba_launch_test -->
